[0m[[0mdebug[0m] [0mRunning TaskDef(com.tw.intergalactic.GalacticContextTest, org.scalatest.tools.Framework$$anon$1@19bb468f, false, [SuiteSelector])[0m
[0m[[0mdebug[0m] [0mRunning TaskDef(com.tw.intergalactic.utils.TextWriterTest, org.scalatest.tools.Framework$$anon$1@19bb468f, false, [SuiteSelector])[0m
[0m[[0mdebug[0m] [0mRunning TaskDef(com.tw.intergalactic.utils.RomanNumberUtilsTest, org.scalatest.tools.Framework$$anon$1@19bb468f, false, [SuiteSelector])[0m
[0m[[0mdebug[0m] [0mRunning TaskDef(com.tw.intergalactic.utils.TextReaderTest, org.scalatest.tools.Framework$$anon$1@19bb468f, false, [SuiteSelector])[0m
[0m[[0mdebug[0m] [0mRunning TaskDef(com.tw.intergalactic.GalacticCalculatorTest, org.scalatest.tools.Framework$$anon$1@19bb468f, false, [SuiteSelector])[0m
[0m[[0mdebug[0m] [0mRunning TaskDef(com.tw.intergalactic.ParserTest, org.scalatest.tools.Framework$$anon$1@19bb468f, false, [SuiteSelector])[0m
[0m[[0mdebug[0m] [0mRunning TaskDef(com.tw.intergalactic.IntegrationTest, org.scalatest.tools.Framework$$anon$1@19bb468f, false, [SuiteSelector])[0m
[0m[[0minfo[0m] [0m[36mRun completed in 289 milliseconds.[0m[0m
[0m[[0minfo[0m] [0m[36mTotal number of tests run: 25[0m[0m
[0m[[0minfo[0m] [0m[36mSuites: completed 7, aborted 0[0m[0m
[0m[[0minfo[0m] [0m[36mTests: succeeded 22, failed 3, canceled 0, ignored 0, pending 0[0m[0m
[0m[[0minfo[0m] [0m[31m*** 3 TESTS FAILED ***[0m[0m
[0m[[0mdebug[0m] [0mPassed tests:[0m
[0m[[0mdebug[0m] [0m	com.tw.intergalactic.ParserTest[0m
[0m[[0mdebug[0m] [0m	com.tw.intergalactic.utils.RomanNumberUtilsTest[0m
[0m[[0mdebug[0m] [0m	com.tw.intergalactic.GalacticContextTest[0m
[0m[[0mdebug[0m] [0m	com.tw.intergalactic.GalacticCalculatorTest[0m
[0m[[31merror[0m] [0mFailed tests:[0m
[0m[[31merror[0m] [0m	com.tw.intergalactic.utils.TextWriterTest[0m
[0m[[31merror[0m] [0m	com.tw.intergalactic.IntegrationTest[0m
[0m[[31merror[0m] [0m	com.tw.intergalactic.utils.TextReaderTest[0m
[0m[[31merror[0m] [0m(test:[31mtestOnly[0m) sbt.TestsFailedException: Tests unsuccessful[0m
